{
  "seleniumLog": [
    {
      "commandName": "PerfectoCommonSteps.scroll_down()",
      "result": "passed",
      "subLogs": [],
      "duration": 1357
    },
    {
      "commandName": "StepDef.validat_error()",
      "result": "failed",
      "subLogs": [],
      "duration": 15403
    }
  ],
  "checkPoints": [
    {
      "message": "Given  I scroll down",
      "type": "TestStepPass",
      "duration": 1357,
      "threshold": 0,
      "subCheckPoints": []
    },
    {
      "message": "Then  I validate an Error",
      "type": "TestStepFail",
      "duration": 15403,
      "threshold": 0,
      "subCheckPoints": []
    }
  ],
  "errorTrace": "org.openqa.selenium.NoSuchElementException: Element with text unsuccessful wasn't found.\nFor documentation on this error, please visit: http://seleniumhq.org/exceptions/no_such_element.html\nBuild info: version: '2.48.2', revision: '41bccdd10cf2c0560f637404c2d96164b67d9d67', time: '2015-10-09 13:08:06'\nSystem info: host: 'Beta-MCM', ip: '1.1.95.10', os.name: 'Windows Server 2008 R2', os.arch: 'amd64', os.version: '6.1', java.version: '1.7.0_51'\nDriver info: driver.version: EventFiringWebDriver\nCommand duration or timeout: 15.06 seconds\nFor documentation on this error, please visit: http://seleniumhq.org/exceptions/no_such_element.html\nBuild info: version: '2.53.0', revision: '35ae25b1534ae328c771e0856c93e187490ca824', time: '2016-03-15 10:43:46'\nSystem info: host: 'UziMac.local', ip: '1.50.13.75', os.name: 'Mac OS X', os.arch: 'x86_64', os.version: '10.11.1', java.version: '1.8.0_45'\nDriver info: com.qmetry.qaf.automation.ui.webdriver.QAFExtendedWebDriver\nCapabilities [{rotatable=true, testGridReportUrl=https://beta.reporting-01.perfectomobile.com?externalId[0]=uzie@perfectomobile.com_StarbucksLogin_16-09-20_15_31_57_1816, entityType=remote_web_driver, serverConnector=, deviceName=900E4DDB, platform=ANY, executionId=uzie@perfectomobile.com_StarbucksLogin_16-09-20_15_31_57_1816, password=, webdriver.remote.sessionid=904fce95-1f5a-4eb4-9a15-1470f804f609, automationName=Appium, host=beta.perfectomobile.com, singleTestReportUrl=https://beta.perfectomobile.com/nexperience/singletest/report/?reportRepositoryKey=PRIVATE:StarbucksLogin/StarbucksLogin_16-09-20_15_31_57_1816.xml&ownerId=uzie@perfectomobile.com&sharingCode=6b0947fa-b4f3-4c7c-99ea-0ad952780ad9, locationContextEnabled=true, scriptName=StarbucksLogin, browserName=MobileOS, takesScreenshot=true, javascriptEnabled=true, reportKey=PRIVATE:StarbucksLogin/StarbucksLogin_16-09-20_15_31_57_1816.xml, platformName=Android, windTunnelReportUrl=https://beta.perfectomobile.com/nexperience/singletest/report/?reportRepositoryKey=PRIVATE:StarbucksLogin/StarbucksLogin_16-09-20_15_31_57_1816.xml&ownerId=uzie@perfectomobile.com&sharingCode=6b0947fa-b4f3-4c7c-99ea-0ad952780ad9, user=, cssSelectorsEnabled=true}]\nSession ID: 904fce95-1f5a-4eb4-9a15-1470f804f609\n*** Element info: {Using=link text, value=unsuccessful}\n\tat sun.reflect.GeneratedConstructorAccessor16.newInstance(Unknown Source)\n\tat sun.reflect.DelegatingConstructorAccessorImpl.newInstance(DelegatingConstructorAccessorImpl.java:45)\n\tat java.lang.reflect.Constructor.newInstance(Constructor.java:422)\n\tat org.openqa.selenium.remote.ErrorHandler.createThrowable(ErrorHandler.java:206)\n\tat org.openqa.selenium.remote.ErrorHandler.throwIfResponseFailed(ErrorHandler.java:158)\n\tat org.openqa.selenium.remote.RemoteWebDriver.execute(RemoteWebDriver.java:678)\n\tat com.qmetry.qaf.automation.ui.webdriver.QAFExtendedWebDriver.execute(QAFExtendedWebDriver.java:223)\n\tat org.openqa.selenium.remote.RemoteWebDriver.findElement(RemoteWebDriver.java:363)\n\tat org.openqa.selenium.remote.RemoteWebDriver.findElementByLinkText(RemoteWebDriver.java:428)\n\tat com.qmetry.qaf.automation.ui.webdriver.QAFExtendedWebDriver.findElementByLinkText(QAFExtendedWebDriver.java:361)\n\tat com.qmetry.qaf.automation.ui.webdriver.QAFExtendedWebDriver.findElementByLinkText(QAFExtendedWebDriver.java:1)\n\tat org.openqa.selenium.By$ByLinkText.findElement(By.java:246)\n\tat org.openqa.selenium.remote.RemoteWebDriver.findElement(RemoteWebDriver.java:355)\n\tat com.qmetry.qaf.automation.ui.webdriver.QAFExtendedWebDriver.findElement(QAFExtendedWebDriver.java:158)\n\tat com.perfectomobile.quantum.steps.StepDef.validat_error(StepDef.java:37)\n\tat âœ½.Then I validate an Error(starbucks.feature:17)\nCaused by: org.openqa.selenium.remote.ScreenshotException: Screen shot has been taken\nBuild info: version: '2.53.0', revision: '35ae25b1534ae328c771e0856c93e187490ca824', time: '2016-03-15 10:43:46'\nSystem info: host: 'UziMac.local', ip: '1.50.13.75', os.name: 'Mac OS X', os.arch: 'x86_64', os.version: '10.11.1', java.version: '1.8.0_45'\nDriver info: driver.version: QAFExtendedWebDriver\n\tat org.openqa.selenium.remote.ErrorHandler.throwIfResponseFailed(ErrorHandler.java:138)\n\tat org.openqa.selenium.remote.RemoteWebDriver.execute(RemoteWebDriver.java:678)\n\tat com.qmetry.qaf.automation.ui.webdriver.QAFExtendedWebDriver.execute(QAFExtendedWebDriver.java:223)\n\tat org.openqa.selenium.remote.RemoteWebDriver.findElement(RemoteWebDriver.java:363)\n\tat org.openqa.selenium.remote.RemoteWebDriver.findElementByLinkText(RemoteWebDriver.java:428)\n\tat com.qmetry.qaf.automation.ui.webdriver.QAFExtendedWebDriver.findElementByLinkText(QAFExtendedWebDriver.java:361)\n\tat com.qmetry.qaf.automation.ui.webdriver.QAFExtendedWebDriver.findElementByLinkText(QAFExtendedWebDriver.java:1)\n\tat org.openqa.selenium.By$ByLinkText.findElement(By.java:246)\n\tat org.openqa.selenium.remote.RemoteWebDriver.findElement(RemoteWebDriver.java:355)\n\tat com.qmetry.qaf.automation.ui.webdriver.QAFExtendedWebDriver.findElement(QAFExtendedWebDriver.java:158)\n\tat com.perfectomobile.quantum.steps.StepDef.validat_error(StepDef.java:37)\n\tat sun.reflect.NativeMethodAccessorImpl.invoke0(Native Method)\n\tat sun.reflect.NativeMethodAccessorImpl.invoke(NativeMethodAccessorImpl.java:62)\n\tat sun.reflect.DelegatingMethodAccessorImpl.invoke(DelegatingMethodAccessorImpl.java:43)\n\tat java.lang.reflect.Method.invoke(Method.java:497)\n\tat cucumber.runtime.Utils$1.call(Utils.java:37)\n\tat cucumber.runtime.Timeout.timeout(Timeout.java:13)\n\tat cucumber.runtime.Utils.invoke(Utils.java:31)\n\tat cucumber.runtime.java.JavaStepDefinition.execute(JavaStepDefinition.java:38)\n\tat cucumber.runtime.StepDefinitionMatch.runStep(StepDefinitionMatch.java:37)\n\tat cucumber.runtime.Runtime.runStep(Runtime.java:299)\n\tat cucumber.runtime.model.StepContainer.runStep(StepContainer.java:44)\n\tat cucumber.runtime.model.StepContainer.runSteps(StepContainer.java:39)\n\tat cucumber.runtime.model.CucumberScenario.run(CucumberScenario.java:44)\n\tat cucumber.runtime.model.CucumberFeature.run(CucumberFeature.java:165)\n\tat cucumber.api.testng.TestNGCucumberRunner.runCucumber(TestNGCucumberRunner.java:63)\n\tat com.perfectomobile.quantum.runners.QuantumCucumberRunnerBase.feature(QuantumCucumberRunnerBase.java:52)\n\tat sun.reflect.NativeMethodAccessorImpl.invoke0(Native Method)\n\tat sun.reflect.NativeMethodAccessorImpl.invoke(NativeMethodAccessorImpl.java:62)\n\tat sun.reflect.DelegatingMethodAccessorImpl.invoke(DelegatingMethodAccessorImpl.java:43)\n\tat java.lang.reflect.Method.invoke(Method.java:497)\n\tat org.testng.internal.MethodInvocationHelper.invokeMethod(MethodInvocationHelper.java:84)\n\tat org.testng.internal.Invoker.invokeMethod(Invoker.java:714)\n\tat org.testng.internal.Invoker.invokeTestMethod(Invoker.java:901)\n\tat org.testng.internal.Invoker.invokeTestMethods(Invoker.java:1231)\n\tat org.testng.internal.TestMethodWorker.invokeTestMethods(TestMethodWorker.java:127)\n\tat org.testng.internal.TestMethodWorker.run(TestMethodWorker.java:111)\n\tat org.testng.TestRunner.privateRun(TestRunner.java:741)\n\tat org.testng.TestRunner.run(TestRunner.java:595)\n\tat org.testng.SuiteRunner.runTest(SuiteRunner.java:348)\n\tat org.testng.SuiteRunner.access$000(SuiteRunner.java:38)\n\tat org.testng.SuiteRunner$SuiteWorker.run(SuiteRunner.java:382)\n\tat org.testng.internal.thread.ThreadUtil$2.call(ThreadUtil.java:64)\n\tat java.util.concurrent.FutureTask.run(FutureTask.java:266)\n\tat java.util.concurrent.ThreadPoolExecutor.runWorker(ThreadPoolExecutor.java:1142)\n\tat java.util.concurrent.ThreadPoolExecutor$Worker.run(ThreadPoolExecutor.java:617)\n\tat java.lang.Thread.run(Thread.java:745)\nCaused by: org.openqa.selenium.NoSuchElementException: Element with text unsuccessful wasn't found.\nFor documentation on this error, please visit: http://seleniumhq.org/exceptions/no_such_element.html\nBuild info: version: '2.48.2', revision: '41bccdd10cf2c0560f637404c2d96164b67d9d67', time: '2015-10-09 13:08:06'\nSystem info: host: 'Beta-MCM', ip: '1.1.95.10', os.name: 'Windows Server 2008 R2', os.arch: 'amd64', os.version: '6.1', java.version: '1.7.0_51'\nDriver info: driver.version: EventFiringWebDriver\nFor documentation on this error, please visit: http://seleniumhq.org/exceptions/no_such_element.html\nBuild info: version: '2.53.0', revision: '35ae25b1534ae328c771e0856c93e187490ca824', time: '2016-03-15 10:43:46'\nSystem info: host: 'UziMac.local', ip: '1.50.13.75', os.name: 'Mac OS X', os.arch: 'x86_64', os.version: '10.11.1', java.version: '1.8.0_45'\nDriver info: driver.version: EventFiringWebDriver\n\tat com.perfectomobile.selenium.visual.MobileVisualApplication.findElementByLinkText(MobileVisualApplication.java:203)\n\tat org.openqa.selenium.By$ByLinkText.findElement(By.java:246)\n\tat com.perfectomobile.selenium.MobileApplication.findElement(MobileApplication.java:150)\n\tat com.perfectomobile.selenium.server.PerfectoMobileDriver.findElement(PerfectoMobileDriver.java:573)\n\tat sun.reflect.GeneratedMethodAccessor2042.invoke(Unknown Source)\n\tat sun.reflect.DelegatingMethodAccessorImpl.invoke(DelegatingMethodAccessorImpl.java:43)\n\tat java.lang.reflect.Method.invoke(Method.java:606)\n\tat org.openqa.selenium.support.events.EventFiringWebDriver$2.invoke(EventFiringWebDriver.java:102)\n\tat com.sun.proxy.$Proxy279.findElement(Unknown Source)\n\tat org.openqa.selenium.support.events.EventFiringWebDriver.findElement(EventFiringWebDriver.java:187)\n\tat org.openqa.selenium.remote.server.handler.FindElement.call(FindElement.java:48)\n\tat org.openqa.selenium.remote.server.handler.FindElement.call(FindElement.java:33)\n\tat java.util.concurrent.FutureTask.run(FutureTask.java:262)\n\tat org.openqa.selenium.remote.server.DefaultSession$1.run(DefaultSession.java:176)\n\tat java.util.concurrent.ThreadPoolExecutor.runWorker(ThreadPoolExecutor.java:1145)\n\tat java.util.concurrent.ThreadPoolExecutor$Worker.run(ThreadPoolExecutor.java:615)\n\tat java.lang.Thread.run(Thread.java:744)\n"
}