{
  "seleniumLog": [
    {
      "commandName": "PerfectoApplicationSteps.navigateToURL(String)",
      "args": [
        "http://amtrak.com"
      ],
      "result": "passed",
      "subLogs": [],
      "duration": 3627
    },
    {
      "commandName": "PerfectoApplicationSteps.waitToAppear(long,String)",
      "args": [
        "20",
        "buy.ticket"
      ],
      "result": "passed",
      "subLogs": [],
      "duration": 2204
    },
    {
      "commandName": "PerfectoApplicationSteps.iClick(String)",
      "args": [
        "buy.ticket"
      ],
      "result": "passed",
      "subLogs": [],
      "duration": 2184
    },
    {
      "commandName": "PerfectoApplicationSteps.iSet(String,String)",
      "args": [
        "NYP",
        "ticket.from"
      ],
      "result": "failed",
      "subLogs": [],
      "duration": 5390
    },
    {
      "commandName": "PerfectoApplicationSteps.iSet(String,String)",
      "args": [
        "BBY",
        "ticket.to"
      ],
      "result": "skipped",
      "subLogs": [],
      "duration": 0
    },
    {
      "commandName": "PerfectoDeviceSteps.scrollDown()",
      "result": "skipped",
      "subLogs": [],
      "duration": 0
    },
    {
      "commandName": "PerfectoApplicationSteps.iClick(String)",
      "args": [
        "find.train"
      ],
      "result": "skipped",
      "subLogs": [],
      "duration": 0
    },
    {
      "commandName": "PerfectoApplicationSteps.waitFor(long)",
      "args": [
        "2"
      ],
      "result": "skipped",
      "subLogs": [],
      "duration": 0
    },
    {
      "commandName": "PerfectoApplicationSteps.iClick(String)",
      "args": [
        "continue"
      ],
      "result": "skipped",
      "subLogs": [],
      "duration": 0
    },
    {
      "commandName": "PerfectoApplicationSteps.asserVisualText(String)",
      "args": [
        "Departure"
      ],
      "result": "skipped",
      "subLogs": [],
      "duration": 0
    },
    {
      "commandName": "PerfectoApplicationSteps.verifyVisualText(String)",
      "args": [
        "Departure"
      ],
      "result": "skipped",
      "subLogs": [],
      "duration": 0
    }
  ],
  "checkPoints": [
    {
      "message": "Given  I open browser to webpage \"http://amtrak.com\"",
      "type": "TestStepPass",
      "duration": 3627,
      "threshold": 0,
      "subCheckPoints": []
    },
    {
      "message": "Then  I wait \"20\" seconds for \"buy.ticket\" to appear",
      "type": "TestStepPass",
      "duration": 2204,
      "threshold": 0,
      "subCheckPoints": []
    },
    {
      "message": "Then  I click on \"buy.ticket\"",
      "type": "TestStepPass",
      "duration": 2184,
      "threshold": 0,
      "subCheckPoints": []
    },
    {
      "message": "Then  I enter \"NYP\" to \"ticket.from\"",
      "type": "TestStepFail",
      "duration": 5390,
      "threshold": 0,
      "subCheckPoints": []
    },
    {
      "message": "Then  I enter \"BBY\" to \"ticket.to\"",
      "type": "TestStep",
      "duration": 0,
      "threshold": 0,
      "subCheckPoints": []
    },
    {
      "message": "Then  I scroll down",
      "type": "TestStep",
      "duration": 0,
      "threshold": 0,
      "subCheckPoints": []
    },
    {
      "message": "Then  I click on \"find.train\"",
      "type": "TestStep",
      "duration": 0,
      "threshold": 0,
      "subCheckPoints": []
    },
    {
      "message": "Then  I wait for \"2\" seconds",
      "type": "TestStep",
      "duration": 0,
      "threshold": 0,
      "subCheckPoints": []
    },
    {
      "message": "Then  I click on \"continue\"",
      "type": "TestStep",
      "duration": 0,
      "threshold": 0,
      "subCheckPoints": []
    },
    {
      "message": "Then  I must see text \"Departure\"",
      "type": "TestStep",
      "duration": 0,
      "threshold": 0,
      "subCheckPoints": []
    },
    {
      "message": "Then  I should see text \"Departure\"",
      "type": "TestStep",
      "duration": 0,
      "threshold": 0,
      "subCheckPoints": []
    }
  ],
  "errorTrace": "org.openqa.selenium.WebDriverException: Failed to execute command webpage.element set: Could not get execution for execution id: uzie@perfectomobile.com_RemoteWebDriver_16-10-25_10_42_35_5421 - no execution found\nCommand duration or timeout: 2.79 seconds\nBuild info: version: '2.53.0', revision: '35ae25b1534ae328c771e0856c93e187490ca824', time: '2016-03-15 10:43:46'\nSystem info: host: 'UziMac', ip: '192.168.43.133', os.name: 'Mac OS X', os.arch: 'x86_64', os.version: '10.11.1', java.version: '1.8.0_45'\nDriver info: com.qmetry.qaf.automation.ui.webdriver.QAFExtendedWebDriver\nCapabilities [{rotatable=true, testGridReportUrl=https://beta.reporting-01.perfectomobile.com?externalId[0]=uzie@perfectomobile.com_RemoteWebDriver_16-10-25_10_42_35_5421, entityType=remote_web_driver, deviceName=1005AE54187C09D51375DA1700E4E0537782FF23, serverConnector=, platform=ANY, executionId=uzie@perfectomobile.com_RemoteWebDriver_16-10-25_10_42_35_5421, password=, webdriver.remote.sessionid=bc199705-027a-47fe-846b-93dcd6b7bfb4, automationName=Appium, host=beta.perfectomobile.com, singleTestReportUrl=https://beta.perfectomobile.com/nexperience/singletest/report/?reportRepositoryKey=PRIVATE:RemoteWebDriver/161025/RemoteWebDriver_16-10-25_10_42_35_5421.xml&ownerId=uzie@perfectomobile.com&sharingCode=117c6f75-0e7b-4491-9a19-73ad0af0d9dd, locationContextEnabled=true, takesScreenshot=true, browserName=MobileOS, scriptName=RemoteWebDriver, javascriptEnabled=true, reportKey=PRIVATE:RemoteWebDriver/161025/RemoteWebDriver_16-10-25_10_42_35_5421.xml, windTunnelReportUrl=https://beta.perfectomobile.com/nexperience/singletest/report/?reportRepositoryKey=PRIVATE:RemoteWebDriver/161025/RemoteWebDriver_16-10-25_10_42_35_5421.xml&ownerId=uzie@perfectomobile.com&sharingCode=117c6f75-0e7b-4491-9a19-73ad0af0d9dd, user=, cssSelectorsEnabled=true}]\n\tat sun.reflect.NativeConstructorAccessorImpl.newInstance0(Native Method)\n\tat sun.reflect.NativeConstructorAccessorImpl.newInstance(NativeConstructorAccessorImpl.java:62)\n\tat sun.reflect.DelegatingConstructorAccessorImpl.newInstance(DelegatingConstructorAccessorImpl.java:45)\n\tat java.lang.reflect.Constructor.newInstance(Constructor.java:422)\n\tat org.openqa.selenium.remote.ErrorHandler.createThrowable(ErrorHandler.java:206)\n\tat org.openqa.selenium.remote.ErrorHandler.throwIfResponseFailed(ErrorHandler.java:158)\n\tat org.openqa.selenium.remote.RemoteWebDriver.execute(RemoteWebDriver.java:678)\n\tat com.qmetry.qaf.automation.ui.webdriver.QAFExtendedWebDriver.executeWitoutLog(QAFExtendedWebDriver.java:245)\n\tat com.qmetry.qaf.automation.ui.webdriver.QAFExtendedWebElement.execute(QAFExtendedWebElement.java:221)\n\tat org.openqa.selenium.remote.RemoteWebElement.sendKeys(RemoteWebElement.java:122)\n\tat com.qmetry.qaf.automation.step.CommonStep.sendKeys(CommonStep.java:129)\n\tat com.perfectomobile.quantum.steps.PerfectoApplicationSteps.iSet(PerfectoApplicationSteps.java:233)\n\tat âœ½.Then I enter \"NYP\" to \"ticket.from\"(Amtrak.feature:17)\nCaused by: org.openqa.selenium.remote.ScreenshotException: Screen shot has been taken\nBuild info: version: '2.53.0', revision: '35ae25b1534ae328c771e0856c93e187490ca824', time: '2016-03-15 10:43:46'\nSystem info: host: 'UziMac', ip: '192.168.43.133', os.name: 'Mac OS X', os.arch: 'x86_64', os.version: '10.11.1', java.version: '1.8.0_45'\nDriver info: driver.version: QAFExtendedWebDriver\n\tat org.openqa.selenium.remote.ErrorHandler.throwIfResponseFailed(ErrorHandler.java:138)\n\tat org.openqa.selenium.remote.RemoteWebDriver.execute(RemoteWebDriver.java:678)\n\tat com.qmetry.qaf.automation.ui.webdriver.QAFExtendedWebDriver.executeWitoutLog(QAFExtendedWebDriver.java:245)\n\tat com.qmetry.qaf.automation.ui.webdriver.QAFExtendedWebElement.execute(QAFExtendedWebElement.java:221)\n\tat org.openqa.selenium.remote.RemoteWebElement.sendKeys(RemoteWebElement.java:122)\n\tat com.qmetry.qaf.automation.step.CommonStep.sendKeys(CommonStep.java:129)\n\tat com.perfectomobile.quantum.steps.PerfectoApplicationSteps.iSet(PerfectoApplicationSteps.java:233)\n\tat sun.reflect.NativeMethodAccessorImpl.invoke0(Native Method)\n\tat sun.reflect.NativeMethodAccessorImpl.invoke(NativeMethodAccessorImpl.java:62)\n\tat sun.reflect.DelegatingMethodAccessorImpl.invoke(DelegatingMethodAccessorImpl.java:43)\n\tat java.lang.reflect.Method.invoke(Method.java:497)\n\tat cucumber.runtime.Utils$1.call(Utils.java:40)\n\tat cucumber.runtime.Timeout.timeout(Timeout.java:16)\n\tat cucumber.runtime.Utils.invoke(Utils.java:34)\n\tat cucumber.runtime.java.JavaStepDefinition.execute(JavaStepDefinition.java:38)\n\tat cucumber.runtime.StepDefinitionMatch.runStep(StepDefinitionMatch.java:37)\n\tat cucumber.runtime.Runtime.runStep(Runtime.java:300)\n\tat cucumber.runtime.model.StepContainer.runStep(StepContainer.java:44)\n\tat cucumber.runtime.model.StepContainer.runSteps(StepContainer.java:39)\n\tat cucumber.runtime.model.CucumberScenario.run(CucumberScenario.java:44)\n\tat cucumber.runtime.model.CucumberFeature.run(CucumberFeature.java:165)\n\tat cucumber.api.testng.TestNGCucumberRunner.runCucumber(TestNGCucumberRunner.java:63)\n\tat com.perfectomobile.quantum.runners.CucumberTestsRunner.feature(CucumberTestsRunner.java:124)\n\tat sun.reflect.NativeMethodAccessorImpl.invoke0(Native Method)\n\tat sun.reflect.NativeMethodAccessorImpl.invoke(NativeMethodAccessorImpl.java:62)\n\tat sun.reflect.DelegatingMethodAccessorImpl.invoke(DelegatingMethodAccessorImpl.java:43)\n\tat java.lang.reflect.Method.invoke(Method.java:497)\n\tat org.testng.internal.MethodInvocationHelper.invokeMethod(MethodInvocationHelper.java:86)\n\tat org.testng.internal.Invoker.invokeMethod(Invoker.java:643)\n\tat org.testng.internal.Invoker.invokeTestMethod(Invoker.java:820)\n\tat org.testng.internal.Invoker.invokeTestMethods(Invoker.java:1128)\n\tat org.testng.internal.TestMethodWorker.invokeTestMethods(TestMethodWorker.java:129)\n\tat org.testng.internal.TestMethodWorker.run(TestMethodWorker.java:112)\n\tat org.testng.TestRunner.privateRun(TestRunner.java:782)\n\tat org.testng.TestRunner.run(TestRunner.java:632)\n\tat org.testng.SuiteRunner.runTest(SuiteRunner.java:366)\n\tat org.testng.SuiteRunner.access$000(SuiteRunner.java:39)\n\tat org.testng.SuiteRunner$SuiteWorker.run(SuiteRunner.java:400)\n\tat org.testng.internal.thread.ThreadUtil$2.call(ThreadUtil.java:64)\n\tat java.util.concurrent.FutureTask.run(FutureTask.java:266)\n\tat java.util.concurrent.ThreadPoolExecutor.runWorker(ThreadPoolExecutor.java:1142)\n\tat java.util.concurrent.ThreadPoolExecutor$Worker.run(ThreadPoolExecutor.java:617)\n\tat java.lang.Thread.run(Thread.java:745)\nCaused by: java.lang.RuntimeException: Failed to execute command webpage.element set: Could not get execution for execution id: uzie@perfectomobile.com_RemoteWebDriver_16-10-25_10_42_35_5421 - no execution found\n\tat com.perfectomobile.selenium.MobileEntity.processCommonResponse(MobileEntity.java:98)\n\tat com.perfectomobile.selenium.MobileDevice.processResponse(MobileDevice.java:510)\n\tat com.perfectomobile.selenium.MobileApplication.processResponse(MobileApplication.java:54)\n\tat com.perfectomobile.selenium.dom.MobileDOMApplication.processResponse(MobileDOMApplication.java:463)\n\tat com.perfectomobile.selenium.MobileElement.processResponse(MobileElement.java:82)\n\tat com.perfectomobile.selenium.MobileEntity.executeCommand(MobileEntity.java:57)\n\tat com.perfectomobile.selenium.MobileElement.sendKeys(MobileElement.java:187)\n\tat com.perfectomobile.selenium.MobileElement.sendKeys(MobileElement.java:153)\n\tat sun.reflect.GeneratedMethodAccessor2216.invoke(Unknown Source)\n\tat sun.reflect.DelegatingMethodAccessorImpl.invoke(DelegatingMethodAccessorImpl.java:43)\n\tat java.lang.reflect.Method.invoke(Method.java:498)\n\tat org.openqa.selenium.support.events.EventFiringWebDriver$EventFiringWebElement$1.invoke(EventFiringWebDriver.java:334)\n\tat com.sun.proxy.$Proxy283.sendKeys(Unknown Source)\n\tat org.openqa.selenium.support.events.EventFiringWebDriver$EventFiringWebElement.sendKeys(EventFiringWebDriver.java:357)\n\tat sun.reflect.GeneratedMethodAccessor2216.invoke(Unknown Source)\n\tat sun.reflect.DelegatingMethodAccessorImpl.invoke(DelegatingMethodAccessorImpl.java:43)\n\tat java.lang.reflect.Method.invoke(Method.java:498)\n\tat org.openqa.selenium.remote.server.KnownElements$1.invoke(KnownElements.java:64)\n\tat com.sun.proxy.$Proxy284.sendKeys(Unknown Source)\n\tat org.openqa.selenium.remote.server.handler.SendKeys.call(SendKeys.java:50)\n\tat org.openqa.selenium.remote.server.handler.SendKeys.call(SendKeys.java:29)\n\tat java.util.concurrent.FutureTask.run(FutureTask.java:266)\n\tat org.openqa.selenium.remote.server.MobileDefaultSession$1.run(MobileDefaultSession.java:182)\n\t... 3 more\n"
}