{
  "seleniumLog": [],
  "checkPoints": [
    {
      "message": "org.openqa.selenium.WebDriverException: Get is not supported.\nCommand duration or timeout: 206 milliseconds\nBuild info: version: '2.53.0', revision: '35ae25b1534ae328c771e0856c93e187490ca824', time: '2016-03-15 10:43:46'\nSystem info: host: 'UziMac.local', ip: '1.50.13.19', os.name: 'Mac OS X', os.arch: 'x86_64', os.version: '10.11.1', java.version: '1.8.0_45'\nDriver info: com.qmetry.qaf.automation.ui.webdriver.QAFExtendedWebDriver\nCapabilities [{rotatable=true, testGridReportUrl=https://beta.reporting-01.perfectomobile.com?externalId[0]=uzie@perfectomobile.com_StarbucksLogin_16-09-21_13_33_12_2419, entityType=remote_web_driver, serverConnector=, deviceName=3208D815A2C25145, platform=ANY, executionId=uzie@perfectomobile.com_StarbucksLogin_16-09-21_13_33_12_2419, password=, webdriver.remote.sessionid=6d9a3e93-2f0a-4462-94f6-768fa131a71d, automationName=Appium, host=beta.perfectomobile.com, singleTestReportUrl=https://beta.perfectomobile.com/nexperience/singletest/report/?reportRepositoryKey=PRIVATE:StarbucksLogin/StarbucksLogin_16-09-21_13_33_12_2419.xml&ownerId=uzie@perfectomobile.com&sharingCode=0aaf80b9-05b4-459a-bcc4-e560c1075e28, locationContextEnabled=true, scriptName=StarbucksLogin, browserName=MobileOS, takesScreenshot=true, javascriptEnabled=true, reportKey=PRIVATE:StarbucksLogin/StarbucksLogin_16-09-21_13_33_12_2419.xml, windTunnelReportUrl=https://beta.perfectomobile.com/nexperience/singletest/report/?reportRepositoryKey=PRIVATE:StarbucksLogin/StarbucksLogin_16-09-21_13_33_12_2419.xml&ownerId=uzie@perfectomobile.com&sharingCode=0aaf80b9-05b4-459a-bcc4-e560c1075e28, user=, cssSelectorsEnabled=true}]\nSession ID: 6d9a3e93-2f0a-4462-94f6-768fa131a71d",
      "type": "Fail",
      "screenshot": "img/feature_26hby20yulua13494.png",
      "duration": 0,
      "threshold": 0,
      "subCheckPoints": []
    }
  ],
  "errorTrace": "cucumber.runtime.CucumberException: org.openqa.selenium.WebDriverException: Get is not supported.\nCommand duration or timeout: 206 milliseconds\nBuild info: version: '2.53.0', revision: '35ae25b1534ae328c771e0856c93e187490ca824', time: '2016-03-15 10:43:46'\nSystem info: host: 'UziMac.local', ip: '1.50.13.19', os.name: 'Mac OS X', os.arch: 'x86_64', os.version: '10.11.1', java.version: '1.8.0_45'\nDriver info: com.qmetry.qaf.automation.ui.webdriver.QAFExtendedWebDriver\nCapabilities [{rotatable=true, testGridReportUrl=https://beta.reporting-01.perfectomobile.com?externalId[0]=uzie@perfectomobile.com_StarbucksLogin_16-09-21_13_33_12_2419, entityType=remote_web_driver, serverConnector=, deviceName=3208D815A2C25145, platform=ANY, executionId=uzie@perfectomobile.com_StarbucksLogin_16-09-21_13_33_12_2419, password=, webdriver.remote.sessionid=6d9a3e93-2f0a-4462-94f6-768fa131a71d, automationName=Appium, host=beta.perfectomobile.com, singleTestReportUrl=https://beta.perfectomobile.com/nexperience/singletest/report/?reportRepositoryKey=PRIVATE:StarbucksLogin/StarbucksLogin_16-09-21_13_33_12_2419.xml&ownerId=uzie@perfectomobile.com&sharingCode=0aaf80b9-05b4-459a-bcc4-e560c1075e28, locationContextEnabled=true, scriptName=StarbucksLogin, browserName=MobileOS, takesScreenshot=true, javascriptEnabled=true, reportKey=PRIVATE:StarbucksLogin/StarbucksLogin_16-09-21_13_33_12_2419.xml, windTunnelReportUrl=https://beta.perfectomobile.com/nexperience/singletest/report/?reportRepositoryKey=PRIVATE:StarbucksLogin/StarbucksLogin_16-09-21_13_33_12_2419.xml&ownerId=uzie@perfectomobile.com&sharingCode=0aaf80b9-05b4-459a-bcc4-e560c1075e28, user=, cssSelectorsEnabled=true}]\nSession ID: 6d9a3e93-2f0a-4462-94f6-768fa131a71d\n\tat cucumber.api.testng.TestNGCucumberRunner.runCucumber(TestNGCucumberRunner.java:69)\n\tat com.perfectomobile.quantum.runners.QuantumCucumberRunnerBase.feature(QuantumCucumberRunnerBase.java:79)\n\tat sun.reflect.NativeMethodAccessorImpl.invoke0(Native Method)\n\tat sun.reflect.NativeMethodAccessorImpl.invoke(NativeMethodAccessorImpl.java:62)\n\tat sun.reflect.DelegatingMethodAccessorImpl.invoke(DelegatingMethodAccessorImpl.java:43)\n\tat java.lang.reflect.Method.invoke(Method.java:497)\n\tat org.testng.internal.MethodInvocationHelper.invokeMethod(MethodInvocationHelper.java:84)\n\tat org.testng.internal.Invoker.invokeMethod(Invoker.java:714)\n\tat org.testng.internal.Invoker.invokeTestMethod(Invoker.java:901)\n\tat org.testng.internal.Invoker.invokeTestMethods(Invoker.java:1231)\n\tat org.testng.internal.TestMethodWorker.invokeTestMethods(TestMethodWorker.java:127)\n\tat org.testng.internal.TestMethodWorker.run(TestMethodWorker.java:111)\n\tat org.testng.TestRunner.privateRun(TestRunner.java:741)\n\tat org.testng.TestRunner.run(TestRunner.java:595)\n\tat org.testng.SuiteRunner.runTest(SuiteRunner.java:348)\n\tat org.testng.SuiteRunner.access$000(SuiteRunner.java:38)\n\tat org.testng.SuiteRunner$SuiteWorker.run(SuiteRunner.java:382)\n\tat org.testng.internal.thread.ThreadUtil$2.call(ThreadUtil.java:64)\n\tat java.util.concurrent.FutureTask.run(FutureTask.java:266)\n\tat java.util.concurrent.ThreadPoolExecutor.runWorker(ThreadPoolExecutor.java:1142)\n\tat java.util.concurrent.ThreadPoolExecutor$Worker.run(ThreadPoolExecutor.java:617)\n\tat java.lang.Thread.run(Thread.java:745)\nCaused by: org.openqa.selenium.WebDriverException: Get is not supported.\nCommand duration or timeout: 206 milliseconds\nBuild info: version: '2.53.0', revision: '35ae25b1534ae328c771e0856c93e187490ca824', time: '2016-03-15 10:43:46'\nSystem info: host: 'UziMac.local', ip: '1.50.13.19', os.name: 'Mac OS X', os.arch: 'x86_64', os.version: '10.11.1', java.version: '1.8.0_45'\nDriver info: com.qmetry.qaf.automation.ui.webdriver.QAFExtendedWebDriver\nCapabilities [{rotatable=true, testGridReportUrl=https://beta.reporting-01.perfectomobile.com?externalId[0]=uzie@perfectomobile.com_StarbucksLogin_16-09-21_13_33_12_2419, entityType=remote_web_driver, serverConnector=, deviceName=3208D815A2C25145, platform=ANY, executionId=uzie@perfectomobile.com_StarbucksLogin_16-09-21_13_33_12_2419, password=, webdriver.remote.sessionid=6d9a3e93-2f0a-4462-94f6-768fa131a71d, automationName=Appium, host=beta.perfectomobile.com, singleTestReportUrl=https://beta.perfectomobile.com/nexperience/singletest/report/?reportRepositoryKey=PRIVATE:StarbucksLogin/StarbucksLogin_16-09-21_13_33_12_2419.xml&ownerId=uzie@perfectomobile.com&sharingCode=0aaf80b9-05b4-459a-bcc4-e560c1075e28, locationContextEnabled=true, scriptName=StarbucksLogin, browserName=MobileOS, takesScreenshot=true, javascriptEnabled=true, reportKey=PRIVATE:StarbucksLogin/StarbucksLogin_16-09-21_13_33_12_2419.xml, windTunnelReportUrl=https://beta.perfectomobile.com/nexperience/singletest/report/?reportRepositoryKey=PRIVATE:StarbucksLogin/StarbucksLogin_16-09-21_13_33_12_2419.xml&ownerId=uzie@perfectomobile.com&sharingCode=0aaf80b9-05b4-459a-bcc4-e560c1075e28, user=, cssSelectorsEnabled=true}]\nSession ID: 6d9a3e93-2f0a-4462-94f6-768fa131a71d\n\tat sun.reflect.GeneratedConstructorAccessor17.newInstance(Unknown Source)\n\tat sun.reflect.DelegatingConstructorAccessorImpl.newInstance(DelegatingConstructorAccessorImpl.java:45)\n\tat java.lang.reflect.Constructor.newInstance(Constructor.java:422)\n\tat org.openqa.selenium.remote.ErrorHandler.createThrowable(ErrorHandler.java:206)\n\tat org.openqa.selenium.remote.ErrorHandler.throwIfResponseFailed(ErrorHandler.java:158)\n\tat org.openqa.selenium.remote.RemoteWebDriver.execute(RemoteWebDriver.java:678)\n\tat com.qmetry.qaf.automation.ui.webdriver.QAFExtendedWebDriver.execute(QAFExtendedWebDriver.java:223)\n\tat org.openqa.selenium.remote.RemoteWebDriver.get(RemoteWebDriver.java:316)\n\tat com.perfectomobile.quantum.steps.PerfectoCommonSteps.i_connectToPerfecto(PerfectoCommonSteps.java:26)\n\tat âœ½.Given I open web page(zf2.feature:6)\nCaused by: org.openqa.selenium.remote.ScreenshotException: Screen shot has been taken\nBuild info: version: '2.53.0', revision: '35ae25b1534ae328c771e0856c93e187490ca824', time: '2016-03-15 10:43:46'\nSystem info: host: 'UziMac.local', ip: '1.50.13.19', os.name: 'Mac OS X', os.arch: 'x86_64', os.version: '10.11.1', java.version: '1.8.0_45'\nDriver info: driver.version: RemoteWebDriver\n\tat org.openqa.selenium.remote.ErrorHandler.throwIfResponseFailed(ErrorHandler.java:138)\n\tat org.openqa.selenium.remote.RemoteWebDriver.execute(RemoteWebDriver.java:678)\n\tat com.qmetry.qaf.automation.ui.webdriver.QAFExtendedWebDriver.execute(QAFExtendedWebDriver.java:223)\n\tat org.openqa.selenium.remote.RemoteWebDriver.get(RemoteWebDriver.java:316)\n\tat com.perfectomobile.quantum.steps.PerfectoCommonSteps.i_connectToPerfecto(PerfectoCommonSteps.java:26)\n\tat sun.reflect.NativeMethodAccessorImpl.invoke0(Native Method)\n\tat sun.reflect.NativeMethodAccessorImpl.invoke(NativeMethodAccessorImpl.java:62)\n\tat sun.reflect.DelegatingMethodAccessorImpl.invoke(DelegatingMethodAccessorImpl.java:43)\n\tat java.lang.reflect.Method.invoke(Method.java:497)\n\tat cucumber.runtime.Utils$1.call(Utils.java:37)\n\tat cucumber.runtime.Timeout.timeout(Timeout.java:13)\n\tat cucumber.runtime.Utils.invoke(Utils.java:31)\n\tat cucumber.runtime.java.JavaStepDefinition.execute(JavaStepDefinition.java:38)\n\tat cucumber.runtime.StepDefinitionMatch.runStep(StepDefinitionMatch.java:37)\n\tat cucumber.runtime.Runtime.runStep(Runtime.java:299)\n\tat cucumber.runtime.model.StepContainer.runStep(StepContainer.java:44)\n\tat cucumber.runtime.model.StepContainer.runSteps(StepContainer.java:39)\n\tat cucumber.runtime.model.CucumberScenario.run(CucumberScenario.java:44)\n\tat cucumber.runtime.model.CucumberFeature.run(CucumberFeature.java:165)\n\tat cucumber.api.testng.TestNGCucumberRunner.runCucumber(TestNGCucumberRunner.java:63)\n\tat com.perfectomobile.quantum.runners.QuantumCucumberRunnerBase.feature(QuantumCucumberRunnerBase.java:79)\n\tat sun.reflect.NativeMethodAccessorImpl.invoke0(Native Method)\n\tat sun.reflect.NativeMethodAccessorImpl.invoke(NativeMethodAccessorImpl.java:62)\n\tat sun.reflect.DelegatingMethodAccessorImpl.invoke(DelegatingMethodAccessorImpl.java:43)\n\tat java.lang.reflect.Method.invoke(Method.java:497)\n\tat org.testng.internal.MethodInvocationHelper.invokeMethod(MethodInvocationHelper.java:84)\n\tat org.testng.internal.Invoker.invokeMethod(Invoker.java:714)\n\tat org.testng.internal.Invoker.invokeTestMethod(Invoker.java:901)\n\tat org.testng.internal.Invoker.invokeTestMethods(Invoker.java:1231)\n\tat org.testng.internal.TestMethodWorker.invokeTestMethods(TestMethodWorker.java:127)\n\tat org.testng.internal.TestMethodWorker.run(TestMethodWorker.java:111)\n\tat org.testng.TestRunner.privateRun(TestRunner.java:741)\n\tat org.testng.TestRunner.run(TestRunner.java:595)\n\tat org.testng.SuiteRunner.runTest(SuiteRunner.java:348)\n\tat org.testng.SuiteRunner.access$000(SuiteRunner.java:38)\n\tat org.testng.SuiteRunner$SuiteWorker.run(SuiteRunner.java:382)\n\tat org.testng.internal.thread.ThreadUtil$2.call(ThreadUtil.java:64)\n\tat java.util.concurrent.FutureTask.run(FutureTask.java:266)\n\tat java.util.concurrent.ThreadPoolExecutor.runWorker(ThreadPoolExecutor.java:1142)\n\tat java.util.concurrent.ThreadPoolExecutor$Worker.run(ThreadPoolExecutor.java:617)\n\tat java.lang.Thread.run(Thread.java:745)\nCaused by: java.lang.UnsupportedOperationException: Get is not supported.\n\tat com.perfectomobile.selenium.visual.MobileVisualApplication.get(MobileVisualApplication.java:51)\n\tat com.perfectomobile.selenium.server.PerfectoMobileDriver.get(PerfectoMobileDriver.java:511)\n\tat sun.reflect.GeneratedMethodAccessor2481.invoke(Unknown Source)\n\tat sun.reflect.DelegatingMethodAccessorImpl.invoke(DelegatingMethodAccessorImpl.java:43)\n\tat java.lang.reflect.Method.invoke(Method.java:606)\n\tat org.openqa.selenium.support.events.EventFiringWebDriver$2.invoke(EventFiringWebDriver.java:102)\n\tat com.sun.proxy.$Proxy279.get(Unknown Source)\n\tat org.openqa.selenium.support.events.EventFiringWebDriver.get(EventFiringWebDriver.java:162)\n\tat org.openqa.selenium.remote.server.handler.ChangeUrl.call(ChangeUrl.java:40)\n\tat org.openqa.selenium.remote.server.handler.ChangeUrl.call(ChangeUrl.java:25)\n\tat java.util.concurrent.FutureTask.run(FutureTask.java:262)\n\tat org.openqa.selenium.remote.server.DefaultSession$1.run(DefaultSession.java:176)\n\tat java.util.concurrent.ThreadPoolExecutor.runWorker(ThreadPoolExecutor.java:1145)\n\tat java.util.concurrent.ThreadPoolExecutor$Worker.run(ThreadPoolExecutor.java:615)\n\tat java.lang.Thread.run(Thread.java:744)\n"
}