{
  "seleniumLog": [
    {
      "commandName": "PerfectoApplicationSteps.navigateToURL(String)",
      "args": [
        "http://amtrak.com"
      ],
      "result": "failed",
      "subLogs": [],
      "duration": 26719
    },
    {
      "commandName": "PerfectoApplicationSteps.waitToAppear(long,String)",
      "args": [
        "20",
        "buy.ticket"
      ],
      "result": "skipped",
      "subLogs": [],
      "duration": 0
    },
    {
      "commandName": "PerfectoApplicationSteps.iClick(String)",
      "args": [
        "buy.ticket"
      ],
      "result": "skipped",
      "subLogs": [],
      "duration": 0
    },
    {
      "commandName": "PerfectoApplicationSteps.iSet(String,String)",
      "args": [
        "NYP",
        "ticket.from"
      ],
      "result": "skipped",
      "subLogs": [],
      "duration": 0
    },
    {
      "commandName": "PerfectoApplicationSteps.iSet(String,String)",
      "args": [
        "BBY",
        "ticket.to"
      ],
      "result": "skipped",
      "subLogs": [],
      "duration": 0
    },
    {
      "commandName": "PerfectoDeviceSteps.scrollDown()",
      "result": "skipped",
      "subLogs": [],
      "duration": 0
    },
    {
      "commandName": "PerfectoApplicationSteps.iClick(String)",
      "args": [
        "find.train"
      ],
      "result": "skipped",
      "subLogs": [],
      "duration": 0
    },
    {
      "commandName": "PerfectoApplicationSteps.waitFor(long)",
      "args": [
        "2"
      ],
      "result": "skipped",
      "subLogs": [],
      "duration": 0
    },
    {
      "commandName": "PerfectoApplicationSteps.iClick(String)",
      "args": [
        "continue"
      ],
      "result": "skipped",
      "subLogs": [],
      "duration": 0
    },
    {
      "commandName": "PerfectoApplicationSteps.asserVisualText(String)",
      "args": [
        "Departure"
      ],
      "result": "skipped",
      "subLogs": [],
      "duration": 0
    },
    {
      "commandName": "PerfectoApplicationSteps.verifyVisualText(String)",
      "args": [
        "Departure"
      ],
      "result": "skipped",
      "subLogs": [],
      "duration": 0
    }
  ],
  "checkPoints": [
    {
      "message": "Given  I open browser to webpage \"http://amtrak.com\"",
      "type": "TestStepFail",
      "duration": 26719,
      "threshold": 0,
      "subCheckPoints": []
    },
    {
      "message": "Then  I wait \"20\" seconds for \"buy.ticket\" to appear",
      "type": "TestStep",
      "duration": 0,
      "threshold": 0,
      "subCheckPoints": []
    },
    {
      "message": "Then  I click on \"buy.ticket\"",
      "type": "TestStep",
      "duration": 0,
      "threshold": 0,
      "subCheckPoints": []
    },
    {
      "message": "Then  I enter \"NYP\" to \"ticket.from\"",
      "type": "TestStep",
      "duration": 0,
      "threshold": 0,
      "subCheckPoints": []
    },
    {
      "message": "Then  I enter \"BBY\" to \"ticket.to\"",
      "type": "TestStep",
      "duration": 0,
      "threshold": 0,
      "subCheckPoints": []
    },
    {
      "message": "Then  I scroll down",
      "type": "TestStep",
      "duration": 0,
      "threshold": 0,
      "subCheckPoints": []
    },
    {
      "message": "Then  I click on \"find.train\"",
      "type": "TestStep",
      "duration": 0,
      "threshold": 0,
      "subCheckPoints": []
    },
    {
      "message": "Then  I wait for \"2\" seconds",
      "type": "TestStep",
      "duration": 0,
      "threshold": 0,
      "subCheckPoints": []
    },
    {
      "message": "Then  I click on \"continue\"",
      "type": "TestStep",
      "duration": 0,
      "threshold": 0,
      "subCheckPoints": []
    },
    {
      "message": "Then  I must see text \"Departure\"",
      "type": "TestStep",
      "duration": 0,
      "threshold": 0,
      "subCheckPoints": []
    },
    {
      "message": "Then  I should see text \"Departure\"",
      "type": "TestStep",
      "duration": 0,
      "threshold": 0,
      "subCheckPoints": []
    }
  ],
  "errorTrace": "org.openqa.selenium.WebDriverException: Failed to execute command browser goto: browser-url command failed. Reason: handset server: cannot launch browser.\nCommand duration or timeout: 26.72 seconds\nBuild info: version: '2.53.0', revision: '35ae25b1534ae328c771e0856c93e187490ca824', time: '2016-03-15 10:43:46'\nSystem info: host: 'UziMac.fios-router.home', ip: '192.168.1.155', os.name: 'Mac OS X', os.arch: 'x86_64', os.version: '10.11.1', java.version: '1.8.0_45'\nDriver info: com.qmetry.qaf.automation.ui.webdriver.QAFExtendedWebDriver\nCapabilities [{rotatable=true, testGridReportUrl=https://beta.reporting-01.perfectomobile.com?externalId[0]=uzie@perfectomobile.com_RemoteWebDriver_16-10-07_12_47_13_3121, entityType=remote_web_driver, serverConnector=, deviceName=00FAB026E230B238, platform=ANY, executionId=uzie@perfectomobile.com_RemoteWebDriver_16-10-07_12_47_13_3121, password=, webdriver.remote.sessionid=6d382bcd-6f99-4937-92f2-3c5ec3d05041, automationName=Appium, host=beta.perfectomobile.com, singleTestReportUrl=https://beta.perfectomobile.com/nexperience/singletest/report/?reportRepositoryKey=PRIVATE:RemoteWebDriver/161007/RemoteWebDriver_16-10-07_12_47_13_3121.xml&ownerId=uzie@perfectomobile.com&sharingCode=f7cd52f6-7368-4c0e-bac5-41b4050125d3, locationContextEnabled=true, takesScreenshot=true, browserName=MobileOS, scriptName=RemoteWebDriver, javascriptEnabled=true, reportKey=PRIVATE:RemoteWebDriver/161007/RemoteWebDriver_16-10-07_12_47_13_3121.xml, platformName=Android, windTunnelReportUrl=https://beta.perfectomobile.com/nexperience/singletest/report/?reportRepositoryKey=PRIVATE:RemoteWebDriver/161007/RemoteWebDriver_16-10-07_12_47_13_3121.xml&ownerId=uzie@perfectomobile.com&sharingCode=f7cd52f6-7368-4c0e-bac5-41b4050125d3, user=, cssSelectorsEnabled=true}]\nSession ID: 6d382bcd-6f99-4937-92f2-3c5ec3d05041\n\tat sun.reflect.NativeConstructorAccessorImpl.newInstance0(Native Method)\n\tat sun.reflect.NativeConstructorAccessorImpl.newInstance(NativeConstructorAccessorImpl.java:62)\n\tat sun.reflect.DelegatingConstructorAccessorImpl.newInstance(DelegatingConstructorAccessorImpl.java:45)\n\tat java.lang.reflect.Constructor.newInstance(Constructor.java:422)\n\tat org.openqa.selenium.remote.ErrorHandler.createThrowable(ErrorHandler.java:206)\n\tat org.openqa.selenium.remote.ErrorHandler.throwIfResponseFailed(ErrorHandler.java:158)\n\tat org.openqa.selenium.remote.RemoteWebDriver.execute(RemoteWebDriver.java:678)\n\tat com.qmetry.qaf.automation.ui.webdriver.QAFExtendedWebDriver.execute(QAFExtendedWebDriver.java:223)\n\tat org.openqa.selenium.remote.RemoteWebDriver.get(RemoteWebDriver.java:316)\n\tat com.qmetry.qaf.automation.step.CommonStep.get(CommonStep.java:314)\n\tat com.perfectomobile.quantum.steps.PerfectoApplicationSteps.navigateToURL(PerfectoApplicationSteps.java:402)\n\tat âœ½.Given I open browser to webpage \"http://amtrak.com\"(Amtrak.feature:15)\nCaused by: org.openqa.selenium.remote.ScreenshotException: Screen shot has been taken\nBuild info: version: '2.53.0', revision: '35ae25b1534ae328c771e0856c93e187490ca824', time: '2016-03-15 10:43:46'\nSystem info: host: 'UziMac.fios-router.home', ip: '192.168.1.155', os.name: 'Mac OS X', os.arch: 'x86_64', os.version: '10.11.1', java.version: '1.8.0_45'\nDriver info: driver.version: RemoteWebDriver\n\tat org.openqa.selenium.remote.ErrorHandler.throwIfResponseFailed(ErrorHandler.java:138)\n\tat org.openqa.selenium.remote.RemoteWebDriver.execute(RemoteWebDriver.java:678)\n\tat com.qmetry.qaf.automation.ui.webdriver.QAFExtendedWebDriver.execute(QAFExtendedWebDriver.java:223)\n\tat org.openqa.selenium.remote.RemoteWebDriver.get(RemoteWebDriver.java:316)\n\tat com.qmetry.qaf.automation.step.CommonStep.get(CommonStep.java:314)\n\tat com.perfectomobile.quantum.steps.PerfectoApplicationSteps.navigateToURL(PerfectoApplicationSteps.java:402)\n\tat sun.reflect.NativeMethodAccessorImpl.invoke0(Native Method)\n\tat sun.reflect.NativeMethodAccessorImpl.invoke(NativeMethodAccessorImpl.java:62)\n\tat sun.reflect.DelegatingMethodAccessorImpl.invoke(DelegatingMethodAccessorImpl.java:43)\n\tat java.lang.reflect.Method.invoke(Method.java:497)\n\tat cucumber.runtime.Utils$1.call(Utils.java:40)\n\tat cucumber.runtime.Timeout.timeout(Timeout.java:16)\n\tat cucumber.runtime.Utils.invoke(Utils.java:34)\n\tat cucumber.runtime.java.JavaStepDefinition.execute(JavaStepDefinition.java:38)\n\tat cucumber.runtime.StepDefinitionMatch.runStep(StepDefinitionMatch.java:37)\n\tat cucumber.runtime.Runtime.runStep(Runtime.java:300)\n\tat cucumber.runtime.model.StepContainer.runStep(StepContainer.java:44)\n\tat cucumber.runtime.model.StepContainer.runSteps(StepContainer.java:39)\n\tat cucumber.runtime.model.CucumberScenario.run(CucumberScenario.java:44)\n\tat cucumber.runtime.model.CucumberFeature.run(CucumberFeature.java:165)\n\tat cucumber.api.testng.TestNGCucumberRunner.runCucumber(TestNGCucumberRunner.java:63)\n\tat com.perfectomobile.quantum.runners.CucumberTestsRunner.feature(CucumberTestsRunner.java:124)\n\tat sun.reflect.NativeMethodAccessorImpl.invoke0(Native Method)\n\tat sun.reflect.NativeMethodAccessorImpl.invoke(NativeMethodAccessorImpl.java:62)\n\tat sun.reflect.DelegatingMethodAccessorImpl.invoke(DelegatingMethodAccessorImpl.java:43)\n\tat java.lang.reflect.Method.invoke(Method.java:497)\n\tat org.testng.internal.MethodInvocationHelper.invokeMethod(MethodInvocationHelper.java:86)\n\tat org.testng.internal.Invoker.invokeMethod(Invoker.java:643)\n\tat org.testng.internal.Invoker.invokeTestMethod(Invoker.java:820)\n\tat org.testng.internal.Invoker.invokeTestMethods(Invoker.java:1128)\n\tat org.testng.internal.TestMethodWorker.invokeTestMethods(TestMethodWorker.java:129)\n\tat org.testng.internal.TestMethodWorker.run(TestMethodWorker.java:112)\n\tat org.testng.TestRunner.privateRun(TestRunner.java:782)\n\tat org.testng.TestRunner.run(TestRunner.java:632)\n\tat org.testng.SuiteRunner.runTest(SuiteRunner.java:366)\n\tat org.testng.SuiteRunner.access$000(SuiteRunner.java:39)\n\tat org.testng.SuiteRunner$SuiteWorker.run(SuiteRunner.java:400)\n\tat org.testng.internal.thread.ThreadUtil$2.call(ThreadUtil.java:64)\n\tat java.util.concurrent.FutureTask.run(FutureTask.java:266)\n\tat java.util.concurrent.ThreadPoolExecutor.runWorker(ThreadPoolExecutor.java:1142)\n\tat java.util.concurrent.ThreadPoolExecutor$Worker.run(ThreadPoolExecutor.java:617)\n\tat java.lang.Thread.run(Thread.java:745)\nCaused by: java.lang.RuntimeException: Failed to execute command browser goto: browser-url command failed. Reason: handset server: cannot launch browser.\n\tat com.perfectomobile.selenium.MobileEntity.processCommonResponse(MobileEntity.java:98)\n\tat com.perfectomobile.selenium.MobileDevice.processResponse(MobileDevice.java:510)\n\tat com.perfectomobile.selenium.MobileApplication.processResponse(MobileApplication.java:54)\n\tat com.perfectomobile.selenium.dom.MobileDOMApplication.processResponse(MobileDOMApplication.java:463)\n\tat com.perfectomobile.selenium.MobileEntity.executeCommand(MobileEntity.java:57)\n\tat com.perfectomobile.selenium.MobileEntity.executeCommand(MobileEntity.java:50)\n\tat com.perfectomobile.selenium.dom.MobileDOMApplication.executeGetUsingBrowser(MobileDOMApplication.java:103)\n\tat com.perfectomobile.selenium.dom.MobileDOMApplication.get(MobileDOMApplication.java:87)\n\tat com.perfectomobile.selenium.server.PerfectoMobileDriver.get(PerfectoMobileDriver.java:550)\n\tat sun.reflect.GeneratedMethodAccessor3002.invoke(Unknown Source)\n\tat sun.reflect.DelegatingMethodAccessorImpl.invoke(DelegatingMethodAccessorImpl.java:43)\n\tat java.lang.reflect.Method.invoke(Method.java:498)\n\tat org.openqa.selenium.support.events.EventFiringWebDriver$2.invoke(EventFiringWebDriver.java:102)\n\tat com.sun.proxy.$Proxy279.get(Unknown Source)\n\tat org.openqa.selenium.support.events.EventFiringWebDriver.get(EventFiringWebDriver.java:162)\n\tat org.openqa.selenium.remote.server.handler.ChangeUrl.call(ChangeUrl.java:40)\n\tat org.openqa.selenium.remote.server.handler.ChangeUrl.call(ChangeUrl.java:25)\n\tat java.util.concurrent.FutureTask.run(FutureTask.java:266)\n\tat org.openqa.selenium.remote.server.MobileDefaultSession$1.run(MobileDefaultSession.java:182)\n\t... 3 more\n"
}