<html>
<head>
<title>TestNG:  Generic_IOS</title>
<link href="../testng.css" rel="stylesheet" type="text/css" />
<link href="../my-testng.css" rel="stylesheet" type="text/css" />

<style type="text/css">
.log { display: none;} 
.stack-trace { display: none;} 
</style>
<script type="text/javascript">
<!--
function flip(e) {
  current = e.style.display;
  if (current == 'block') {
    e.style.display = 'none';
    return 0;
  }
  else {
    e.style.display = 'block';
    return 1;
  }
}

function toggleBox(szDivId, elem, msg1, msg2)
{
  var res = -1;  if (document.getElementById) {
    res = flip(document.getElementById(szDivId));
  }
  else if (document.all) {
    // this is the way old msie versions work
    res = flip(document.all[szDivId]);
  }
  if(elem) {
    if(res == 0) elem.innerHTML = msg1; else elem.innerHTML = msg2;
  }

}

function toggleAllBoxes() {
  if (document.getElementsByTagName) {
    d = document.getElementsByTagName('div');
    for (i = 0; i < d.length; i++) {
      if (d[i].className == 'log') {
        flip(d[i]);
      }
    }
  }
}

// -->
</script>

</head>
<body>
<h2 align='center'>Generic_IOS</h2><table border='1' align="center">
<tr>
<td>Tests passed/Failed/Skipped:</td><td>2/1/0</td>
</tr><tr>
<td>Started on:</td><td>Fri Sep 30 12:14:59 EDT 2016</td>
</tr>
<tr><td>Total time:</td><td>77 seconds (77887 ms)</td>
</tr><tr>
<td>Included groups:</td><td></td>
</tr><tr>
<td>Excluded groups:</td><td></td>
</tr>
</table><p/>
<small><i>(Hover the method name to see the test class name)</i></small><p/>
<table width='100%' border='1' class='invocation-failed'>
<tr><td colspan='4' align='center'><b>FAILED TESTS</b></td></tr>
<tr><td><b>Test method</b></td>
<td width="30%"><b>Exception</b></td>
<td width="10%"><b>Time (seconds)</b></td>
<td><b>Instance</b></td>
</tr>
<tr>
<td title='com.perfectomobile.quantum.runners.MyCucumberTestsRunner.feature()'><b>feature</b><br>Test class: com.perfectomobile.quantum.runners.MyCucumberTestsRunner (community login shani)<br>Test method: Data Driven Runner Test Description<br>Parameters: {DATAFILE=N/A}<br/>
<a href="#Output-408206744" onClick='toggleBox("Output-408206744", this, "Show output", "Hide output");'>Show output</a>

<a href="#Output-408206744" onClick="toggleAllBoxes();">Show all outputs</a>
<div class='log' id="Output-408206744">
<div style="display:block;margin-left:10px;"><div  class="fail"><span class="fail-label">F </span>java.lang.AssertionError: Text: "Popular" was not found expected [true] but found [false] <a href="img/community login shani_rz8e5lbyjao457109.png" target="_blank">[View Screenshot]</a> </div></div><br/>
</div>
</td>
<td><div><pre>cucumber.runtime.CucumberException: java.lang.AssertionError: Text: &quot;Popular&quot; was not found expected [true] but found [false]
	at cucumber.api.testng.TestNGCucumberRunner.runCucumber(TestNGCucumberRunner.java:69)
	at com.perfectomobile.quantum.runners.CucumberTestsRunner.feature(CucumberTestsRunner.java:124)
	at java.util.concurrent.ThreadPoolExecutor.runWorker(ThreadPoolExecutor.java:1142)
	at java.util.concurrent.ThreadPoolExecutor$Worker.run(ThreadPoolExecutor.java:617)
	at java.lang.Thread.run(Thread.java:745)
Caused by: java.lang.AssertionError: Text: &quot;Popular&quot; was not found expected [true] but found [false]
	at com.perfectomobile.quantum.utils.ApplicationUtils.assertVisualText(ApplicationUtils.java:23)
	at com.perfectomobile.quantum.steps.PerfectoApplicationSteps.asserVisualText(PerfectoApplicationSteps.java:276)
	at ✽.Then I must see text &quot;Popular&quot;(CommunityExample.feature:21)
... Removed 15 stack frames</pre></div><a href='#' onClick='toggleBox("stack-trace408206744", this, "Click to show all stack frames", "Click to hide stack frames")'>Click to show all stack frames</a>
<div class='stack-trace' id='stack-trace408206744'><pre>cucumber.runtime.CucumberException: java.lang.AssertionError: Text: &quot;Popular&quot; was not found expected [true] but found [false]
	at cucumber.api.testng.TestNGCucumberRunner.runCucumber(TestNGCucumberRunner.java:69)
	at com.perfectomobile.quantum.runners.CucumberTestsRunner.feature(CucumberTestsRunner.java:124)
	at sun.reflect.NativeMethodAccessorImpl.invoke0(Native Method)
	at sun.reflect.NativeMethodAccessorImpl.invoke(NativeMethodAccessorImpl.java:62)
	at sun.reflect.DelegatingMethodAccessorImpl.invoke(DelegatingMethodAccessorImpl.java:43)
	at java.lang.reflect.Method.invoke(Method.java:497)
	at org.testng.internal.MethodInvocationHelper.invokeMethod(MethodInvocationHelper.java:86)
	at org.testng.internal.Invoker.invokeMethod(Invoker.java:643)
	at org.testng.internal.Invoker.invokeTestMethod(Invoker.java:820)
	at org.testng.internal.Invoker.invokeTestMethods(Invoker.java:1128)
	at org.testng.internal.TestMethodWorker.invokeTestMethods(TestMethodWorker.java:129)
	at org.testng.internal.TestMethodWorker.run(TestMethodWorker.java:112)
	at java.util.concurrent.ThreadPoolExecutor.runWorker(ThreadPoolExecutor.java:1142)
	at java.util.concurrent.ThreadPoolExecutor$Worker.run(ThreadPoolExecutor.java:617)
	at java.lang.Thread.run(Thread.java:745)
Caused by: java.lang.AssertionError: Text: &quot;Popular&quot; was not found expected [true] but found [false]
	at org.testng.Assert.fail(Assert.java:94)
	at org.testng.Assert.failNotEquals(Assert.java:513)
	at org.testng.Assert.assertEqualsImpl(Assert.java:135)
	at org.testng.Assert.assertEquals(Assert.java:116)
	at org.testng.Assert.assertEquals(Assert.java:190)
	at com.perfectomobile.quantum.utils.ApplicationUtils.assertVisualText(ApplicationUtils.java:23)
	at com.perfectomobile.quantum.steps.PerfectoApplicationSteps.asserVisualText(PerfectoApplicationSteps.java:276)
	at ✽.Then I must see text &quot;Popular&quot;(CommunityExample.feature:21)
</pre></div></td>
<td>66</td>
<td>com.perfectomobile.quantum.runners.MyCucumberTestsRunner@461ad730</td></tr>
</table><p>
<table width='100%' border='1' class='invocation-passed'>
<tr><td colspan='4' align='center'><b>PASSED TESTS</b></td></tr>
<tr><td><b>Test method</b></td>
<td width="30%"><b>Exception</b></td>
<td width="10%"><b>Time (seconds)</b></td>
<td><b>Instance</b></td>
</tr>
<tr>
<td title='com.perfectomobile.quantum.runners.MyCucumberTestsRunner.feature()'><b>feature</b><br>Test class: com.perfectomobile.quantum.runners.MyCucumberTestsRunner (community login 2)<br>Test method: Data Driven Runner Test Description<br>Parameters: {password=csvpass1, username=csvuser1}<br/>
<a href="#Output-640519308" onClick='toggleBox("Output-640519308", this, "Show output", "Hide output");'>Show output</a>

<a href="#Output-640519308" onClick="toggleAllBoxes();">Show all outputs</a>
<div class='log' id="Output-640519308">
<div style="display:block;margin-left:10px;"></div><br/>
</div>
</td>
<td></td>
<td>26</td>
<td>com.perfectomobile.quantum.runners.MyCucumberTestsRunner@4ee203eb</td></tr>
<tr>
<td title='com.perfectomobile.quantum.runners.MyCucumberTestsRunner.feature()'><b>feature</b><br>Test class: com.perfectomobile.quantum.runners.MyCucumberTestsRunner (community login 2)<br>Test method: Data Driven Runner Test Description<br>Parameters: {password=csvpass2, username=csvuser2}<br/>
<a href="#Output-185757884" onClick='toggleBox("Output-185757884", this, "Show output", "Hide output");'>Show output</a>

<a href="#Output-185757884" onClick="toggleAllBoxes();">Show all outputs</a>
<div class='log' id="Output-185757884">
<div style="display:block;margin-left:10px;"></div><br/>
</div>
</td>
<td></td>
<td>15</td>
<td>com.perfectomobile.quantum.runners.MyCucumberTestsRunner@4ee203eb</td></tr>
</table><p>
</body>
</html>