<?xml version="1.0" encoding="UTF-8"?>
<!-- Generated by org.testng.reporters.JUnitXMLReporter -->
<testsuite hostname="UziMac.local" name="Generic_Device" tests="6" failures="1" timestamp="22 Sep 2016 08:37:56 GMT" time="224.596" errors="0">
  <testcase name="starbucks login f2" time="44.023" classname="com.perfectomobile.quantum.runners.DataDrivenRunner"/>
  <testcase name="datadriven mitch test" time="26.619" classname="com.perfectomobile.quantum.runners.DataDrivenRunner"/>
  <testcase name="datadriven mitch test" time="28.778" classname="com.perfectomobile.quantum.runners.DataDrivenRunner"/>
  <testcase name="datadriven2 mitch test" time="23.307" classname="com.perfectomobile.quantum.runners.DataDrivenRunner"/>
  <testcase name="datadriven2 mitch test" time="21.524" classname="com.perfectomobile.quantum.runners.DataDrivenRunner"/>
  <testcase name="starbucks example test" time="67.347" classname="com.perfectomobile.quantum.runners.DataDrivenRunner">
    <failure type="cucumber.runtime.CucumberException" message="org.openqa.selenium.NoSuchElementException: Element with text SHOP wasn&amp;apos;t found.
For documentation on this error, please visit: http://seleniumhq.org/exceptions/no_such_element.html
Build info: version: &amp;apos;2.48.2&amp;apos;, revision: &amp;apos;41bccdd10cf2c0560f637404c2d96164b67d9d67&amp;apos;, time: &amp;apos;2015-10-09 13:08:06&amp;apos;
System info: host: &amp;apos;Beta-MCM&amp;apos;, ip: &amp;apos;1.1.95.10&amp;apos;, os.name: &amp;apos;Windows Server 2008 R2&amp;apos;, os.arch: &amp;apos;amd64&amp;apos;, os.version: &amp;apos;6.1&amp;apos;, java.version: &amp;apos;1.7.0_51&amp;apos;
Driver info: driver.version: EventFiringWebDriver
Command duration or timeout: 8.54 seconds
For documentation on this error, please visit: http://seleniumhq.org/exceptions/no_such_element.html
Build info: version: &amp;apos;2.53.0&amp;apos;, revision: &amp;apos;35ae25b1534ae328c771e0856c93e187490ca824&amp;apos;, time: &amp;apos;2016-03-15 10:43:46&amp;apos;
System info: host: &amp;apos;UziMac.local&amp;apos;, ip: &amp;apos;1.50.13.91&amp;apos;, os.name: &amp;apos;Mac OS X&amp;apos;, os.arch: &amp;apos;x86_64&amp;apos;, os.version: &amp;apos;10.11.1&amp;apos;, java.version: &amp;apos;1.8.0_45&amp;apos;
Driver info: com.qmetry.qaf.automation.ui.webdriver.QAFExtendedWebDriver
Capabilities [{rotatable=true, testGridReportUrl=https://beta.reporting-01.perfectomobile.com?externalId[0]=uzie@perfectomobile.com_StarbucksLogin_16-09-22_08_34_13_2607, entityType=remote_web_driver, serverConnector=, deviceName=3208D815A2C25145, platform=ANY, executionId=uzie@perfectomobile.com_StarbucksLogin_16-09-22_08_34_13_2607, password=, webdriver.remote.sessionid=c48a595c-47b7-4022-bc79-c9a6995d9b37, automationName=Appium, host=beta.perfectomobile.com, singleTestReportUrl=https://beta.perfectomobile.com/nexperience/singletest/report/?reportRepositoryKey=PRIVATE:StarbucksLogin/StarbucksLogin_16-09-22_08_34_13_2607.xml&amp;amp;ownerId=uzie@perfectomobile.com&amp;amp;sharingCode=edb97dd6-60ea-495d-bda2-9c2c9e86e33b, locationContextEnabled=true, scriptName=StarbucksLogin, browserName=MobileOS, takesScreenshot=true, javascriptEnabled=true, reportKey=PRIVATE:StarbucksLogin/StarbucksLogin_16-09-22_08_34_13_2607.xml, platformName=Android, windTunnelReportUrl=https://beta.perfectomobile.com/nexperience/singletest/report/?reportRepositoryKey=PRIVATE:StarbucksLogin/StarbucksLogin_16-09-22_08_34_13_2607.xml&amp;amp;ownerId=uzie@perfectomobile.com&amp;amp;sharingCode=edb97dd6-60ea-495d-bda2-9c2c9e86e33b, user=, cssSelectorsEnabled=true}]
Session ID: c48a595c-47b7-4022-bc79-c9a6995d9b37
*** Element info: {Using=link text, value=SHOP}">
      <![CDATA[cucumber.runtime.CucumberException: org.openqa.selenium.NoSuchElementException: Element with text SHOP wasn't found.
For documentation on this error, please visit: http://seleniumhq.org/exceptions/no_such_element.html
Build info: version: '2.48.2', revision: '41bccdd10cf2c0560f637404c2d96164b67d9d67', time: '2015-10-09 13:08:06'
System info: host: 'Beta-MCM', ip: '1.1.95.10', os.name: 'Windows Server 2008 R2', os.arch: 'amd64', os.version: '6.1', java.version: '1.7.0_51'
Driver info: driver.version: EventFiringWebDriver
Command duration or timeout: 8.54 seconds
For documentation on this error, please visit: http://seleniumhq.org/exceptions/no_such_element.html
Build info: version: '2.53.0', revision: '35ae25b1534ae328c771e0856c93e187490ca824', time: '2016-03-15 10:43:46'
System info: host: 'UziMac.local', ip: '1.50.13.91', os.name: 'Mac OS X', os.arch: 'x86_64', os.version: '10.11.1', java.version: '1.8.0_45'
Driver info: com.qmetry.qaf.automation.ui.webdriver.QAFExtendedWebDriver
Capabilities [{rotatable=true, testGridReportUrl=https://beta.reporting-01.perfectomobile.com?externalId[0]=uzie@perfectomobile.com_StarbucksLogin_16-09-22_08_34_13_2607, entityType=remote_web_driver, serverConnector=, deviceName=3208D815A2C25145, platform=ANY, executionId=uzie@perfectomobile.com_StarbucksLogin_16-09-22_08_34_13_2607, password=, webdriver.remote.sessionid=c48a595c-47b7-4022-bc79-c9a6995d9b37, automationName=Appium, host=beta.perfectomobile.com, singleTestReportUrl=https://beta.perfectomobile.com/nexperience/singletest/report/?reportRepositoryKey=PRIVATE:StarbucksLogin/StarbucksLogin_16-09-22_08_34_13_2607.xml&ownerId=uzie@perfectomobile.com&sharingCode=edb97dd6-60ea-495d-bda2-9c2c9e86e33b, locationContextEnabled=true, scriptName=StarbucksLogin, browserName=MobileOS, takesScreenshot=true, javascriptEnabled=true, reportKey=PRIVATE:StarbucksLogin/StarbucksLogin_16-09-22_08_34_13_2607.xml, platformName=Android, windTunnelReportUrl=https://beta.perfectomobile.com/nexperience/singletest/report/?reportRepositoryKey=PRIVATE:StarbucksLogin/StarbucksLogin_16-09-22_08_34_13_2607.xml&ownerId=uzie@perfectomobile.com&sharingCode=edb97dd6-60ea-495d-bda2-9c2c9e86e33b, user=, cssSelectorsEnabled=true}]
Session ID: c48a595c-47b7-4022-bc79-c9a6995d9b37
*** Element info: {Using=link text, value=SHOP}
	at cucumber.api.testng.TestNGCucumberRunner.runCucumber(TestNGCucumberRunner.java:69)
	at com.perfectomobile.quantum.runners.DataDrivenRunner.feature(DataDrivenRunner.java:38)
	at java.util.concurrent.FutureTask.run(FutureTask.java:266)
	at java.util.concurrent.ThreadPoolExecutor.runWorker(ThreadPoolExecutor.java:1142)
	at java.util.concurrent.ThreadPoolExecutor$Worker.run(ThreadPoolExecutor.java:617)
	at java.lang.Thread.run(Thread.java:745)
Caused by: org.openqa.selenium.NoSuchElementException: Element with text SHOP wasn't found.
For documentation on this error, please visit: http://seleniumhq.org/exceptions/no_such_element.html
Build info: version: '2.48.2', revision: '41bccdd10cf2c0560f637404c2d96164b67d9d67', time: '2015-10-09 13:08:06'
System info: host: 'Beta-MCM', ip: '1.1.95.10', os.name: 'Windows Server 2008 R2', os.arch: 'amd64', os.version: '6.1', java.version: '1.7.0_51'
Driver info: driver.version: EventFiringWebDriver
Command duration or timeout: 8.54 seconds
For documentation on this error, please visit: http://seleniumhq.org/exceptions/no_such_element.html
Build info: version: '2.53.0', revision: '35ae25b1534ae328c771e0856c93e187490ca824', time: '2016-03-15 10:43:46'
System info: host: 'UziMac.local', ip: '1.50.13.91', os.name: 'Mac OS X', os.arch: 'x86_64', os.version: '10.11.1', java.version: '1.8.0_45'
Driver info: com.qmetry.qaf.automation.ui.webdriver.QAFExtendedWebDriver
Capabilities [{rotatable=true, testGridReportUrl=https://beta.reporting-01.perfectomobile.com?externalId[0]=uzie@perfectomobile.com_StarbucksLogin_16-09-22_08_34_13_2607, entityType=remote_web_driver, serverConnector=, deviceName=3208D815A2C25145, platform=ANY, executionId=uzie@perfectomobile.com_StarbucksLogin_16-09-22_08_34_13_2607, password=, webdriver.remote.sessionid=c48a595c-47b7-4022-bc79-c9a6995d9b37, automationName=Appium, host=beta.perfectomobile.com, singleTestReportUrl=https://beta.perfectomobile.com/nexperience/singletest/report/?reportRepositoryKey=PRIVATE:StarbucksLogin/StarbucksLogin_16-09-22_08_34_13_2607.xml&ownerId=uzie@perfectomobile.com&sharingCode=edb97dd6-60ea-495d-bda2-9c2c9e86e33b, locationContextEnabled=true, scriptName=StarbucksLogin, browserName=MobileOS, takesScreenshot=true, javascriptEnabled=true, reportKey=PRIVATE:StarbucksLogin/StarbucksLogin_16-09-22_08_34_13_2607.xml, platformName=Android, windTunnelReportUrl=https://beta.perfectomobile.com/nexperience/singletest/report/?reportRepositoryKey=PRIVATE:StarbucksLogin/StarbucksLogin_16-09-22_08_34_13_2607.xml&ownerId=uzie@perfectomobile.com&sharingCode=edb97dd6-60ea-495d-bda2-9c2c9e86e33b, user=, cssSelectorsEnabled=true}]
Session ID: c48a595c-47b7-4022-bc79-c9a6995d9b37
*** Element info: {Using=link text, value=SHOP}
	at org.openqa.selenium.remote.ErrorHandler.createThrowable(ErrorHandler.java:206)
	at org.openqa.selenium.remote.ErrorHandler.throwIfResponseFailed(ErrorHandler.java:158)
	at org.openqa.selenium.remote.RemoteWebDriver.execute(RemoteWebDriver.java:678)
	at com.qmetry.qaf.automation.ui.webdriver.QAFExtendedWebDriver.execute(QAFExtendedWebDriver.java:223)
	at org.openqa.selenium.remote.RemoteWebDriver.findElement(RemoteWebDriver.java:363)
	at org.openqa.selenium.remote.RemoteWebDriver.findElementByLinkText(RemoteWebDriver.java:428)
	at com.qmetry.qaf.automation.ui.webdriver.QAFExtendedWebDriver.findElementByLinkText(QAFExtendedWebDriver.java:361)
	at com.perfectomobile.quantum.steps.StepDef.click_visual_text(StepDef.java:48)
	at âœ½.And I click on button with text "SHOP"(starbucks.feature:14)
Caused by: org.openqa.selenium.remote.ScreenshotException: Screen shot has been taken
Build info: version: '2.53.0', revision: '35ae25b1534ae328c771e0856c93e187490ca824', time: '2016-03-15 10:43:46'
System info: host: 'UziMac.local', ip: '1.50.13.91', os.name: 'Mac OS X', os.arch: 'x86_64', os.version: '10.11.1', java.version: '1.8.0_45'
Driver info: driver.version: QAFExtendedWebDriver
	at org.openqa.selenium.remote.ErrorHandler.throwIfResponseFailed(ErrorHandler.java:138)
	at org.openqa.selenium.remote.RemoteWebDriver.execute(RemoteWebDriver.java:678)
	at com.qmetry.qaf.automation.ui.webdriver.QAFExtendedWebDriver.execute(QAFExtendedWebDriver.java:223)
	at org.openqa.selenium.remote.RemoteWebDriver.findElement(RemoteWebDriver.java:363)
	at org.openqa.selenium.remote.RemoteWebDriver.findElementByLinkText(RemoteWebDriver.java:428)
	at com.qmetry.qaf.automation.ui.webdriver.QAFExtendedWebDriver.findElementByLinkText(QAFExtendedWebDriver.java:361)
	at com.perfectomobile.quantum.steps.StepDef.click_visual_text(StepDef.java:48)
	at cucumber.runtime.Utils$1.call(Utils.java:37)
	at cucumber.runtime.Timeout.timeout(Timeout.java:13)
	at cucumber.runtime.Utils.invoke(Utils.java:31)
	at cucumber.runtime.java.JavaStepDefinition.execute(JavaStepDefinition.java:38)
	at cucumber.runtime.StepDefinitionMatch.runStep(StepDefinitionMatch.java:37)
	at cucumber.runtime.Runtime.runStep(Runtime.java:299)
	at cucumber.runtime.model.StepContainer.runStep(StepContainer.java:44)
	at cucumber.runtime.model.StepContainer.runSteps(StepContainer.java:39)
	at cucumber.runtime.model.CucumberScenario.run(CucumberScenario.java:44)
	at cucumber.runtime.model.CucumberFeature.run(CucumberFeature.java:165)
	at cucumber.api.testng.TestNGCucumberRunner.runCucumber(TestNGCucumberRunner.java:63)
	at com.perfectomobile.quantum.runners.DataDrivenRunner.feature(DataDrivenRunner.java:38)
	at java.util.concurrent.FutureTask.run(FutureTask.java:266)
	at java.util.concurrent.ThreadPoolExecutor.runWorker(ThreadPoolExecutor.java:1142)
	at java.util.concurrent.ThreadPoolExecutor$Worker.run(ThreadPoolExecutor.java:617)
	at java.lang.Thread.run(Thread.java:745)
Caused by: org.openqa.selenium.NoSuchElementException: Element with text SHOP wasn't found.
For documentation on this error, please visit: http://seleniumhq.org/exceptions/no_such_element.html
Build info: version: '2.48.2', revision: '41bccdd10cf2c0560f637404c2d96164b67d9d67', time: '2015-10-09 13:08:06'
System info: host: 'Beta-MCM', ip: '1.1.95.10', os.name: 'Windows Server 2008 R2', os.arch: 'amd64', os.version: '6.1', java.version: '1.7.0_51'
Driver info: driver.version: EventFiringWebDriver
For documentation on this error, please visit: http://seleniumhq.org/exceptions/no_such_element.html
Build info: version: '2.53.0', revision: '35ae25b1534ae328c771e0856c93e187490ca824', time: '2016-03-15 10:43:46'
System info: host: 'UziMac.local', ip: '1.50.13.91', os.name: 'Mac OS X', os.arch: 'x86_64', os.version: '10.11.1', java.version: '1.8.0_45'
Driver info: driver.version: EventFiringWebDriver
	at com.perfectomobile.selenium.visual.MobileVisualApplication.findElementByLinkText(MobileVisualApplication.java:203)
	at org.openqa.selenium.By$ByLinkText.findElement(By.java:246)
	at com.perfectomobile.selenium.MobileApplication.findElement(MobileApplication.java:150)
	at com.perfectomobile.selenium.server.PerfectoMobileDriver.findElement(PerfectoMobileDriver.java:573)
	at org.openqa.selenium.support.events.EventFiringWebDriver$2.invoke(EventFiringWebDriver.java:102)
	at com.sun.proxy.$Proxy279.findElement(Unknown Source)
	at org.openqa.selenium.support.events.EventFiringWebDriver.findElement(EventFiringWebDriver.java:187)
	at org.openqa.selenium.remote.server.handler.FindElement.call(FindElement.java:48)
	at org.openqa.selenium.remote.server.handler.FindElement.call(FindElement.java:33)
	at java.util.concurrent.FutureTask.run(FutureTask.java:262)
	at org.openqa.selenium.remote.server.DefaultSession$1.run(DefaultSession.java:176)
	at java.util.concurrent.ThreadPoolExecutor.runWorker(ThreadPoolExecutor.java:1145)
	at java.util.concurrent.ThreadPoolExecutor$Worker.run(ThreadPoolExecutor.java:615)
	at java.lang.Thread.run(Thread.java:744)
... Removed 43 stack frames]]>
    </failure>
  </testcase> <!-- starbucks example test -->
</testsuite> <!-- Generic_Device -->
