<?xml version="1.0" encoding="UTF-8"?>
<!-- Generated by org.testng.reporters.JUnitXMLReporter -->
<testsuite hostname="UziMac.local" name="Generic_IOS" tests="3" failures="1" timestamp="30 Sep 2016 16:16:16 GMT" time="77.887" errors="0">
  <testcase name="community login 2" time="26.322" classname="com.perfectomobile.quantum.runners.MyCucumberTestsRunner"/>
  <testcase name="community login 2" time="15.213" classname="com.perfectomobile.quantum.runners.MyCucumberTestsRunner"/>
  <testcase name="community login shani" time="66.054" classname="com.perfectomobile.quantum.runners.MyCucumberTestsRunner">
    <failure type="cucumber.runtime.CucumberException" message="java.lang.AssertionError: Text: &amp;quot;Popular&amp;quot; was not found expected [true] but found [false]">
      <![CDATA[cucumber.runtime.CucumberException: java.lang.AssertionError: Text: "Popular" was not found expected [true] but found [false]
	at cucumber.api.testng.TestNGCucumberRunner.runCucumber(TestNGCucumberRunner.java:69)
	at com.perfectomobile.quantum.runners.CucumberTestsRunner.feature(CucumberTestsRunner.java:124)
	at java.util.concurrent.ThreadPoolExecutor.runWorker(ThreadPoolExecutor.java:1142)
	at java.util.concurrent.ThreadPoolExecutor$Worker.run(ThreadPoolExecutor.java:617)
	at java.lang.Thread.run(Thread.java:745)
Caused by: java.lang.AssertionError: Text: "Popular" was not found expected [true] but found [false]
	at com.perfectomobile.quantum.utils.ApplicationUtils.assertVisualText(ApplicationUtils.java:23)
	at com.perfectomobile.quantum.steps.PerfectoApplicationSteps.asserVisualText(PerfectoApplicationSteps.java:276)
	at âœ½.Then I must see text "Popular"(CommunityExample.feature:21)
... Removed 15 stack frames]]>
    </failure>
  </testcase> <!-- community login shani -->
</testsuite> <!-- Generic_IOS -->
